This is pdfTeX, Version 3.141592653-2.6-1.40.22 (TeX Live 2022/dev/Debian) (preloaded format=pdflatex 2022.10.4)  4 OCT 2022 02:41
entering extended mode
 restricted \write18 enabled.
 %&-line parsing enabled.
**manual.tex
(./manual.tex
LaTeX2e <2021-11-15> patch level 1
L3 programming layer <2022-01-21>
(/usr/share/texlive/texmf-dist/tex/latex/base/article.cls
Document Class: article 2021/10/04 v1.4n Standard LaTeX document class
(/usr/share/texlive/texmf-dist/tex/latex/base/size10.clo
File: size10.clo 2021/10/04 v1.4n Standard LaTeX file (size option)
)
\c@part=\count185
\c@section=\count186
\c@subsection=\count187
\c@subsubsection=\count188
\c@paragraph=\count189
\c@subparagraph=\count190
\c@figure=\count191
\c@table=\count192
\abovecaptionskip=\skip47
\belowcaptionskip=\skip48
\bibindent=\dimen138
)
(/usr/share/texmf/tex/latex/lm/lmodern.sty
Package: lmodern 2009/10/30 v1.6 Latin Modern Fonts
LaTeX Font Info:    Overwriting symbol font `operators' in version `normal'
(Font)                  OT1/cmr/m/n --> OT1/lmr/m/n on input line 22.
LaTeX Font Info:    Overwriting symbol font `letters' in version `normal'
(Font)                  OML/cmm/m/it --> OML/lmm/m/it on input line 23.
LaTeX Font Info:    Overwriting symbol font `symbols' in version `normal'
(Font)                  OMS/cmsy/m/n --> OMS/lmsy/m/n on input line 24.
LaTeX Font Info:    Overwriting symbol font `largesymbols' in version `normal'
(Font)                  OMX/cmex/m/n --> OMX/lmex/m/n on input line 25.
LaTeX Font Info:    Overwriting symbol font `operators' in version `bold'
(Font)                  OT1/cmr/bx/n --> OT1/lmr/bx/n on input line 26.
LaTeX Font Info:    Overwriting symbol font `letters' in version `bold'
(Font)                  OML/cmm/b/it --> OML/lmm/b/it on input line 27.
LaTeX Font Info:    Overwriting symbol font `symbols' in version `bold'
(Font)                  OMS/cmsy/b/n --> OMS/lmsy/b/n on input line 28.
LaTeX Font Info:    Overwriting symbol font `largesymbols' in version `bold'
(Font)                  OMX/cmex/m/n --> OMX/lmex/m/n on input line 29.
LaTeX Font Info:    Overwriting math alphabet `\mathbf' in version `normal'
(Font)                  OT1/cmr/bx/n --> OT1/lmr/bx/n on input line 31.
LaTeX Font Info:    Overwriting math alphabet `\mathsf' in version `normal'
(Font)                  OT1/cmss/m/n --> OT1/lmss/m/n on input line 32.
LaTeX Font Info:    Overwriting math alphabet `\mathit' in version `normal'
(Font)                  OT1/cmr/m/it --> OT1/lmr/m/it on input line 33.
LaTeX Font Info:    Overwriting math alphabet `\mathtt' in version `normal'
(Font)                  OT1/cmtt/m/n --> OT1/lmtt/m/n on input line 34.
LaTeX Font Info:    Overwriting math alphabet `\mathbf' in version `bold'
(Font)                  OT1/cmr/bx/n --> OT1/lmr/bx/n on input line 35.
LaTeX Font Info:    Overwriting math alphabet `\mathsf' in version `bold'
(Font)                  OT1/cmss/bx/n --> OT1/lmss/bx/n on input line 36.
LaTeX Font Info:    Overwriting math alphabet `\mathit' in version `bold'
(Font)                  OT1/cmr/bx/it --> OT1/lmr/bx/it on input line 37.
LaTeX Font Info:    Overwriting math alphabet `\mathtt' in version `bold'
(Font)                  OT1/cmtt/m/n --> OT1/lmtt/m/n on input line 38.
)
(/usr/share/texlive/texmf-dist/tex/latex/amsfonts/amssymb.sty
Package: amssymb 2013/01/14 v3.01 AMS font symbols

(/usr/share/texlive/texmf-dist/tex/latex/amsfonts/amsfonts.sty
Package: amsfonts 2013/01/14 v3.01 Basic AMSFonts support
\@emptytoks=\toks16
\symAMSa=\mathgroup4
\symAMSb=\mathgroup5
LaTeX Font Info:    Redeclaring math symbol \hbar on input line 98.
LaTeX Font Info:    Overwriting math alphabet `\mathfrak' in version `bold'
(Font)                  U/euf/m/n --> U/euf/b/n on input line 106.
))
(/usr/share/texlive/texmf-dist/tex/latex/amsmath/amsmath.sty
Package: amsmath 2021/10/15 v2.17l AMS math features
\@mathmargin=\skip49

For additional information on amsmath, use the `?' option.
(/usr/share/texlive/texmf-dist/tex/latex/amsmath/amstext.sty
Package: amstext 2021/08/26 v2.01 AMS text

(/usr/share/texlive/texmf-dist/tex/latex/amsmath/amsgen.sty
File: amsgen.sty 1999/11/30 v2.0 generic functions
\@emptytoks=\toks17
\ex@=\dimen139
))
(/usr/share/texlive/texmf-dist/tex/latex/amsmath/amsbsy.sty
Package: amsbsy 1999/11/29 v1.2d Bold Symbols
\pmbraise@=\dimen140
)
(/usr/share/texlive/texmf-dist/tex/latex/amsmath/amsopn.sty
Package: amsopn 2021/08/26 v2.02 operator names
)
\inf@bad=\count193
LaTeX Info: Redefining \frac on input line 234.
\uproot@=\count194
\leftroot@=\count195
LaTeX Info: Redefining \overline on input line 399.
\classnum@=\count196
\DOTSCASE@=\count197
LaTeX Info: Redefining \ldots on input line 496.
LaTeX Info: Redefining \dots on input line 499.
LaTeX Info: Redefining \cdots on input line 620.
\Mathstrutbox@=\box50
\strutbox@=\box51
\big@size=\dimen141
LaTeX Font Info:    Redeclaring font encoding OML on input line 743.
LaTeX Font Info:    Redeclaring font encoding OMS on input line 744.
\macc@depth=\count198
\c@MaxMatrixCols=\count199
\dotsspace@=\muskip16
\c@parentequation=\count266
\dspbrk@lvl=\count267
\tag@help=\toks18
\row@=\count268
\column@=\count269
\maxfields@=\count270
\andhelp@=\toks19
\eqnshift@=\dimen142
\alignsep@=\dimen143
\tagshift@=\dimen144
\tagwidth@=\dimen145
\totwidth@=\dimen146
\lineht@=\dimen147
\@envbody=\toks20
\multlinegap=\skip50
\multlinetaggap=\skip51
\mathdisplay@stack=\toks21
LaTeX Info: Redefining \[ on input line 2938.
LaTeX Info: Redefining \] on input line 2939.
)
(/usr/share/texlive/texmf-dist/tex/generic/iftex/ifxetex.sty
Package: ifxetex 2019/10/25 v0.7 ifxetex legacy package. Use iftex instead.

(/usr/share/texlive/texmf-dist/tex/generic/iftex/iftex.sty
Package: iftex 2020/03/06 v1.0d TeX engine tests
))
(/usr/share/texlive/texmf-dist/tex/generic/iftex/ifluatex.sty
Package: ifluatex 2019/10/25 v1.5 ifluatex legacy package. Use iftex instead.
)
(/usr/share/texlive/texmf-dist/tex/latex/base/fontenc.sty
Package: fontenc 2021/04/29 v2.0v Standard LaTeX package
LaTeX Font Info:    Trying to load font information for T1+lmr on input line 11
2.

(/usr/share/texmf/tex/latex/lm/t1lmr.fd
File: t1lmr.fd 2009/10/30 v1.6 Font defs for Latin Modern
))
(/usr/share/texlive/texmf-dist/tex/latex/base/inputenc.sty
Package: inputenc 2021/02/14 v1.3d Input encoding file
\inpenc@prehook=\toks22
\inpenc@posthook=\toks23
)
(/usr/share/texlive/texmf-dist/tex/latex/base/textcomp.sty
Package: textcomp 2020/02/02 v2.0n Standard LaTeX package
)
(/usr/share/texlive/texmf-dist/tex/latex/upquote/upquote.sty
Package: upquote 2012/04/19 v1.3 upright-quote and grave-accent glyphs in verba
tim
)
(/usr/share/texlive/texmf-dist/tex/latex/microtype/microtype.sty
Package: microtype 2021/12/10 v3.0b Micro-typographical refinements (RS)

(/usr/share/texlive/texmf-dist/tex/latex/graphics/keyval.sty
Package: keyval 2014/10/28 v1.15 key=value parser (DPC)
\KV@toks@=\toks24
)
(/usr/share/texlive/texmf-dist/tex/latex/etoolbox/etoolbox.sty
Package: etoolbox 2020/10/05 v2.5k e-TeX tools for LaTeX (JAW)
\etb@tempcnta=\count271
)
\MT@toks=\toks25
\MT@count=\count272
\MT@tempbox=\box52
LaTeX Info: Redefining \leftprotrusion on input line 1010.
LaTeX Info: Redefining \rightprotrusion on input line 1018.
LaTeX Info: Redefining \textls on input line 1173.
\MT@outer@kern=\dimen148
LaTeX Info: Redefining \textmicrotypecontext on input line 1759.
\MT@listname@count=\count273

(/usr/share/texlive/texmf-dist/tex/latex/microtype/microtype-pdftex.def
File: microtype-pdftex.def 2021/12/10 v3.0b Definitions specific to pdftex (RS)

LaTeX Info: Redefining \lsstyle on input line 897.
LaTeX Info: Redefining \lslig on input line 897.
\MT@outer@space=\skip52
)
Package microtype Info: Loading configuration file microtype.cfg.

(/usr/share/texlive/texmf-dist/tex/latex/microtype/microtype.cfg
File: microtype.cfg 2021/12/10 v3.0b microtype main configuration file (RS)
))
(/usr/share/texlive/texmf-dist/tex/latex/parskip/parskip.sty
Package: parskip 2021-03-14 v2.0h non-zero parskip adjustments

(/usr/share/texlive/texmf-dist/tex/latex/kvoptions/kvoptions.sty
Package: kvoptions 2020-10-07 v3.14 Key value format for package options (HO)

(/usr/share/texlive/texmf-dist/tex/generic/ltxcmds/ltxcmds.sty
Package: ltxcmds 2020-05-10 v1.25 LaTeX kernel commands for general use (HO)
)
(/usr/share/texlive/texmf-dist/tex/generic/kvsetkeys/kvsetkeys.sty
Package: kvsetkeys 2019/12/15 v1.18 Key value parser (HO)
)))
(/usr/share/texlive/texmf-dist/tex/latex/xcolor/xcolor.sty
Package: xcolor 2021/10/31 v2.13 LaTeX color extensions (UK)

(/usr/share/texlive/texmf-dist/tex/latex/graphics-cfg/color.cfg
File: color.cfg 2016/01/02 v1.6 sample color configuration
)
Package xcolor Info: Driver file: pdftex.def on input line 227.

(/usr/share/texlive/texmf-dist/tex/latex/graphics-def/pdftex.def
File: pdftex.def 2020/10/05 v1.2a Graphics/color driver for pdftex
)
Package xcolor Info: Model `cmy' substituted by `cmy0' on input line 1352.
Package xcolor Info: Model `hsb' substituted by `rgb' on input line 1356.
Package xcolor Info: Model `RGB' extended on input line 1368.
Package xcolor Info: Model `HTML' substituted by `rgb' on input line 1370.
Package xcolor Info: Model `Hsb' substituted by `hsb' on input line 1371.
Package xcolor Info: Model `tHsb' substituted by `hsb' on input line 1372.
Package xcolor Info: Model `HSB' substituted by `hsb' on input line 1373.
Package xcolor Info: Model `Gray' substituted by `gray' on input line 1374.
Package xcolor Info: Model `wave' substituted by `hsb' on input line 1375.
)
(/usr/share/texlive/texmf-dist/tex/latex/xurl/xurl.sty
Package: xurl 2022/01/09 v 0.10 modify URL breaks

(/usr/share/texlive/texmf-dist/tex/latex/url/url.sty
\Urlmuskip=\muskip17
Package: url 2013/09/16  ver 3.4  Verb mode for urls, etc.
))
(/usr/share/texlive/texmf-dist/tex/latex/bookmark/bookmark.sty
Package: bookmark 2020-11-06 v1.29 PDF bookmarks (HO)

(/usr/share/texlive/texmf-dist/tex/latex/hyperref/hyperref.sty
Package: hyperref 2021-06-07 v7.00m Hypertext links for LaTeX

(/usr/share/texlive/texmf-dist/tex/generic/pdftexcmds/pdftexcmds.sty
Package: pdftexcmds 2020-06-27 v0.33 Utility functions of pdfTeX for LuaTeX (HO
)

(/usr/share/texlive/texmf-dist/tex/generic/infwarerr/infwarerr.sty
Package: infwarerr 2019/12/03 v1.5 Providing info/warning/error messages (HO)
)
Package pdftexcmds Info: \pdf@primitive is available.
Package pdftexcmds Info: \pdf@ifprimitive is available.
Package pdftexcmds Info: \pdfdraftmode found.
)
(/usr/share/texlive/texmf-dist/tex/generic/kvdefinekeys/kvdefinekeys.sty
Package: kvdefinekeys 2019-12-19 v1.6 Define keys (HO)
)
(/usr/share/texlive/texmf-dist/tex/generic/pdfescape/pdfescape.sty
Package: pdfescape 2019/12/09 v1.15 Implements pdfTeX's escape features (HO)
)
(/usr/share/texlive/texmf-dist/tex/latex/hycolor/hycolor.sty
Package: hycolor 2020-01-27 v1.10 Color options for hyperref/bookmark (HO)
)
(/usr/share/texlive/texmf-dist/tex/latex/letltxmacro/letltxmacro.sty
Package: letltxmacro 2019/12/03 v1.6 Let assignment for LaTeX macros (HO)
)
(/usr/share/texlive/texmf-dist/tex/latex/auxhook/auxhook.sty
Package: auxhook 2019-12-17 v1.6 Hooks for auxiliary files (HO)
)
\@linkdim=\dimen149
\Hy@linkcounter=\count274
\Hy@pagecounter=\count275

(/usr/share/texlive/texmf-dist/tex/latex/hyperref/pd1enc.def
File: pd1enc.def 2021-06-07 v7.00m Hyperref: PDFDocEncoding definition (HO)
Now handling font encoding PD1 ...
... no UTF-8 mapping file for font encoding PD1
)
(/usr/share/texlive/texmf-dist/tex/latex/hyperref/hyperref-langpatches.def
File: hyperref-langpatches.def 2021-06-07 v7.00m Hyperref: patches for babel la
nguages
)
(/usr/share/texlive/texmf-dist/tex/generic/intcalc/intcalc.sty
Package: intcalc 2019/12/15 v1.3 Expandable calculations with integers (HO)
)
(/usr/share/texlive/texmf-dist/tex/generic/etexcmds/etexcmds.sty
Package: etexcmds 2019/12/15 v1.7 Avoid name clashes with e-TeX commands (HO)
)
\Hy@SavedSpaceFactor=\count276

(/usr/share/texlive/texmf-dist/tex/latex/hyperref/puenc.def
File: puenc.def 2021-06-07 v7.00m Hyperref: PDF Unicode definition (HO)
Now handling font encoding PU ...
... no UTF-8 mapping file for font encoding PU
)
Package hyperref Info: Option `unicode' set `true' on input line 4073.
Package hyperref Info: Hyper figures OFF on input line 4192.
Package hyperref Info: Link nesting OFF on input line 4197.
Package hyperref Info: Hyper index ON on input line 4200.
Package hyperref Info: Plain pages OFF on input line 4207.
Package hyperref Info: Backreferencing OFF on input line 4212.
Package hyperref Info: Implicit mode ON; LaTeX internals redefined.
Package hyperref Info: Bookmarks ON on input line 4445.
\c@Hy@tempcnt=\count277
LaTeX Info: Redefining \url on input line 4804.
\XeTeXLinkMargin=\dimen150

(/usr/share/texlive/texmf-dist/tex/generic/bitset/bitset.sty
Package: bitset 2019/12/09 v1.3 Handle bit-vector datatype (HO)

(/usr/share/texlive/texmf-dist/tex/generic/bigintcalc/bigintcalc.sty
Package: bigintcalc 2019/12/15 v1.5 Expandable calculations on big integers (HO
)
))
\Fld@menulength=\count278
\Field@Width=\dimen151
\Fld@charsize=\dimen152
Package hyperref Info: Hyper figures OFF on input line 6076.
Package hyperref Info: Link nesting OFF on input line 6081.
Package hyperref Info: Hyper index ON on input line 6084.
Package hyperref Info: backreferencing OFF on input line 6091.
Package hyperref Info: Link coloring OFF on input line 6096.
Package hyperref Info: Link coloring with OCG OFF on input line 6101.
Package hyperref Info: PDF/A mode OFF on input line 6106.
LaTeX Info: Redefining \ref on input line 6146.
LaTeX Info: Redefining \pageref on input line 6150.

(/usr/share/texlive/texmf-dist/tex/latex/base/atbegshi-ltx.sty
Package: atbegshi-ltx 2021/01/10 v1.0c Emulation of the original atbegshi
package with kernel methods
)
\Hy@abspage=\count279
\c@Item=\count280
\c@Hfootnote=\count281
)
Package hyperref Info: Driver (autodetected): hpdftex.

(/usr/share/texlive/texmf-dist/tex/latex/hyperref/hpdftex.def
File: hpdftex.def 2021-06-07 v7.00m Hyperref driver for pdfTeX

(/usr/share/texlive/texmf-dist/tex/latex/base/atveryend-ltx.sty
Package: atveryend-ltx 2020/08/19 v1.0a Emulation of the original atveryend pac
kage
with kernel methods
)
\Fld@listcount=\count282
\c@bookmark@seq@number=\count283

(/usr/share/texlive/texmf-dist/tex/latex/rerunfilecheck/rerunfilecheck.sty
Package: rerunfilecheck 2019/12/05 v1.9 Rerun checks for auxiliary files (HO)

(/usr/share/texlive/texmf-dist/tex/generic/uniquecounter/uniquecounter.sty
Package: uniquecounter 2019/12/15 v1.4 Provide unlimited unique counter (HO)
)
Package uniquecounter Info: New unique counter `rerunfilecheck' on input line 2
86.
)
\Hy@SectionHShift=\skip53
)
(/usr/share/texlive/texmf-dist/tex/latex/bookmark/bkm-pdftex.def
File: bkm-pdftex.def 2020-11-06 v1.29 bookmark driver for pdfTeX (HO)
\BKM@id=\count284
))
(/usr/share/texlive/texmf-dist/tex/latex/fancyvrb/fancyvrb.sty
Package: fancyvrb 2021/12/21 4.1b verbatim text (tvz,hv)
\FV@CodeLineNo=\count285
\FV@InFile=\read2
\FV@TabBox=\box53
\c@FancyVerbLine=\count286
\FV@StepNumber=\count287
\FV@OutFile=\write3
)
(/usr/share/texlive/texmf-dist/tex/latex/tools/longtable.sty
Package: longtable 2021-09-01 v4.17 Multi-page Table package (DPC)
\LTleft=\skip54
\LTright=\skip55
\LTpre=\skip56
\LTpost=\skip57
\LTchunksize=\count288
\LTcapwidth=\dimen153
\LT@head=\box54
\LT@firsthead=\box55
\LT@foot=\box56
\LT@lastfoot=\box57
\LT@gbox=\box58
\LT@cols=\count289
\LT@rows=\count290
\c@LT@tables=\count291
\c@LT@chunks=\count292
\LT@p@ftn=\toks26
)
(/usr/share/texlive/texmf-dist/tex/latex/booktabs/booktabs.sty
Package: booktabs 2020/01/12 v1.61803398 Publication quality tables
\heavyrulewidth=\dimen154
\lightrulewidth=\dimen155
\cmidrulewidth=\dimen156
\belowrulesep=\dimen157
\belowbottomsep=\dimen158
\aboverulesep=\dimen159
\abovetopsep=\dimen160
\cmidrulesep=\dimen161
\cmidrulekern=\dimen162
\defaultaddspace=\dimen163
\@cmidla=\count293
\@cmidlb=\count294
\@aboverulesep=\dimen164
\@belowrulesep=\dimen165
\@thisruleclass=\count295
\@lastruleclass=\count296
\@thisrulewidth=\dimen166
)
(/usr/share/texlive/texmf-dist/tex/latex/footnotehyper/footnotehyper.sty
Package: footnotehyper 2021/08/13 v1.1e hyperref aware footnote.sty (JFB)
\FNH@notes=\box59
\FNH@width=\dimen167
\FNH@toks=\toks27
)
(/usr/share/texlive/texmf-dist/tex/latex/geometry/geometry.sty
Package: geometry 2020/01/02 v5.9 Page Geometry

(/usr/share/texlive/texmf-dist/tex/generic/iftex/ifvtex.sty
Package: ifvtex 2019/10/25 v1.7 ifvtex legacy package. Use iftex instead.
)
\Gm@cnth=\count297
\Gm@cntv=\count298
\c@Gm@tempcnt=\count299
\Gm@bindingoffset=\dimen168
\Gm@wd@mp=\dimen169
\Gm@odd@mp=\dimen170
\Gm@even@mp=\dimen171
\Gm@layoutwidth=\dimen172
\Gm@layoutheight=\dimen173
\Gm@layouthoffset=\dimen174
\Gm@layoutvoffset=\dimen175
\Gm@dimlist=\toks28
)
(/usr/share/texlive/texmf-dist/tex/latex/psnfss/mathptmx.sty
Package: mathptmx 2020/03/25 PSNFSS-v9.3 Times w/ Math, improved (SPQR, WaS) 
LaTeX Font Info:    Redeclaring symbol font `operators' on input line 28.
LaTeX Font Info:    Overwriting symbol font `operators' in version `normal'
(Font)                  OT1/lmr/m/n --> OT1/ztmcm/m/n on input line 28.
LaTeX Font Info:    Overwriting symbol font `operators' in version `bold'
(Font)                  OT1/lmr/bx/n --> OT1/ztmcm/m/n on input line 28.
LaTeX Font Info:    Redeclaring symbol font `letters' on input line 29.
LaTeX Font Info:    Overwriting symbol font `letters' in version `normal'
(Font)                  OML/lmm/m/it --> OML/ztmcm/m/it on input line 29.
LaTeX Font Info:    Overwriting symbol font `letters' in version `bold'
(Font)                  OML/lmm/b/it --> OML/ztmcm/m/it on input line 29.
LaTeX Font Info:    Redeclaring symbol font `symbols' on input line 30.
LaTeX Font Info:    Overwriting symbol font `symbols' in version `normal'
(Font)                  OMS/lmsy/m/n --> OMS/ztmcm/m/n on input line 30.
LaTeX Font Info:    Overwriting symbol font `symbols' in version `bold'
(Font)                  OMS/lmsy/b/n --> OMS/ztmcm/m/n on input line 30.
LaTeX Font Info:    Redeclaring symbol font `largesymbols' on input line 31.
LaTeX Font Info:    Overwriting symbol font `largesymbols' in version `normal'
(Font)                  OMX/lmex/m/n --> OMX/ztmcm/m/n on input line 31.
LaTeX Font Info:    Overwriting symbol font `largesymbols' in version `bold'
(Font)                  OMX/lmex/m/n --> OMX/ztmcm/m/n on input line 31.
\symbold=\mathgroup6
\symitalic=\mathgroup7
LaTeX Font Info:    Redeclaring math alphabet \mathbf on input line 34.
LaTeX Font Info:    Overwriting math alphabet `\mathbf' in version `normal'
(Font)                  OT1/lmr/bx/n --> OT1/ptm/bx/n on input line 34.
LaTeX Font Info:    Overwriting math alphabet `\mathbf' in version `bold'
(Font)                  OT1/lmr/bx/n --> OT1/ptm/bx/n on input line 34.
LaTeX Font Info:    Redeclaring math alphabet \mathit on input line 35.
LaTeX Font Info:    Overwriting math alphabet `\mathit' in version `normal'
(Font)                  OT1/lmr/m/it --> OT1/ptm/m/it on input line 35.
LaTeX Font Info:    Overwriting math alphabet `\mathit' in version `bold'
(Font)                  OT1/lmr/bx/it --> OT1/ptm/m/it on input line 35.
LaTeX Info: Redefining \hbar on input line 50.
)
(/usr/share/texlive/texmf-dist/tex/latex/sectsty/sectsty.sty
Package: sectsty 2002/02/25 v2.0.2 Commands to change all sectional heading sty
les


LaTeX Warning: Command \underbar  has changed.
               Check if current package is valid.


LaTeX Warning: Command \underline  has changed.
               Check if current package is valid.

) (/usr/share/texlive/texmf-dist/tex/latex/tools/verbatim.sty
Package: verbatim 2020-07-07 v1.5u LaTeX2e package for verbatim enhancements
\every@verbatim=\toks29
\verbatim@line=\toks30
\verbatim@in@stream=\read3
)
(/usr/share/texlive/texmf-dist/tex/latex/breakurl/breakurl.sty
Package: breakurl 2013/04/10 v1.40 Breakable hyperref URLs

(/usr/share/texlive/texmf-dist/tex/latex/xkeyval/xkeyval.sty
Package: xkeyval 2020/11/20 v2.8 package option processing (HA)

(/usr/share/texlive/texmf-dist/tex/generic/xkeyval/xkeyval.tex
(/usr/share/texlive/texmf-dist/tex/generic/xkeyval/xkvutils.tex
\XKV@toks=\toks31
\XKV@tempa@toks=\toks32
)
\XKV@depth=\count300
File: xkeyval.tex 2014/12/03 v2.7a key=value parser (HA)
))
(/usr/share/texlive/texmf-dist/tex/generic/iftex/ifpdf.sty
Package: ifpdf 2019/10/25 v3.4 ifpdf legacy package. Use iftex instead.
)

Package breakurl Warning: You are using breakurl while processing via pdflatex.

(breakurl)                \burl will be just a synonym of \url.
(breakurl)                 on input line 48.

) (/usr/share/texlive/texmf-dist/tex/latex/ragged2e/ragged2e.sty
Package: ragged2e 2021/12/15 v3.1 ragged2e Package
\CenteringLeftskip=\skip58
\RaggedLeftLeftskip=\skip59
\RaggedRightLeftskip=\skip60
\CenteringRightskip=\skip61
\RaggedLeftRightskip=\skip62
\RaggedRightRightskip=\skip63
\CenteringParfillskip=\skip64
\RaggedLeftParfillskip=\skip65
\RaggedRightParfillskip=\skip66
\JustifyingParfillskip=\skip67
\CenteringParindent=\skip68
\RaggedLeftParindent=\skip69
\RaggedRightParindent=\skip70
\JustifyingParindent=\skip71
)
Package hyperref Info: Option `colorlinks' set `true' on input line 100.
LaTeX Font Info:    Trying to load font information for T1+ptm on input line 10
9.

(/usr/share/texlive/texmf-dist/tex/latex/psnfss/t1ptm.fd
File: t1ptm.fd 2001/06/04 font definitions for T1/ptm.
)
(/usr/share/texlive/texmf-dist/tex/latex/l3backend/l3backend-pdftex.def
File: l3backend-pdftex.def 2022-01-12 L3 backend support: PDF output (pdfTeX)
\l__color_backend_stack_int=\count301
\l__pdf_internal_box=\box60
)
(./manual.aux)
\openout1 = `manual.aux'.

LaTeX Font Info:    Checking defaults for OML/cmm/m/it on input line 109.
LaTeX Font Info:    ... okay on input line 109.
LaTeX Font Info:    Checking defaults for OMS/cmsy/m/n on input line 109.
LaTeX Font Info:    ... okay on input line 109.
LaTeX Font Info:    Checking defaults for OT1/cmr/m/n on input line 109.
LaTeX Font Info:    ... okay on input line 109.
LaTeX Font Info:    Checking defaults for T1/cmr/m/n on input line 109.
LaTeX Font Info:    ... okay on input line 109.
LaTeX Font Info:    Checking defaults for TS1/cmr/m/n on input line 109.
LaTeX Font Info:    ... okay on input line 109.
LaTeX Font Info:    Checking defaults for OMX/cmex/m/n on input line 109.
LaTeX Font Info:    ... okay on input line 109.
LaTeX Font Info:    Checking defaults for U/cmr/m/n on input line 109.
LaTeX Font Info:    ... okay on input line 109.
LaTeX Font Info:    Checking defaults for PD1/pdf/m/n on input line 109.
LaTeX Font Info:    ... okay on input line 109.
LaTeX Font Info:    Checking defaults for PU/pdf/m/n on input line 109.
LaTeX Font Info:    ... okay on input line 109.
LaTeX Info: Redefining \microtypecontext on input line 109.
Package microtype Info: Applying patch `item' on input line 109.
Package microtype Info: Applying patch `toc' on input line 109.
Package microtype Info: Applying patch `eqnum' on input line 109.
Package microtype Info: Applying patch `footnote' on input line 109.
Package microtype Info: Generating PDF output.
Package microtype Info: Character protrusion enabled (level 2).
Package microtype Info: Using protrusion set `basicmath'.
Package microtype Info: Automatic font expansion enabled (level 2),
(microtype)             stretch: 20, shrink: 20, step: 1, non-selected.
Package microtype Info: Using default expansion set `alltext-nott'.
LaTeX Info: Redefining \showhyphens on input line 109.
Package microtype Info: No adjustment of tracking.
Package microtype Info: No adjustment of interword spacing.
Package microtype Info: No adjustment of character kerning.
 (/usr/share/texlive/texmf-dist/tex/latex/microtype/mt-ptm.cfg
File: mt-ptm.cfg 2006/04/20 v1.7 microtype config. file: Times (RS)
)
(/usr/share/texlive/texmf-dist/tex/context/base/mkii/supp-pdf.mkii
[Loading MPS to PDF converter (version 2006.09.02).]
\scratchcounter=\count302
\scratchdimen=\dimen176
\scratchbox=\box61
\nofMPsegments=\count303
\nofMParguments=\count304
\everyMPshowfont=\toks33
\MPscratchCnt=\count305
\MPscratchDim=\dimen177
\MPnumerator=\count306
\makeMPintoPDFobject=\count307
\everyMPtoPDFconversion=\toks34
)
Package hyperref Info: Link coloring ON on input line 109.
 (/usr/share/texlive/texmf-dist/tex/latex/hyperref/nameref.sty
Package: nameref 2021-04-02 v2.47 Cross-referencing by name of section

(/usr/share/texlive/texmf-dist/tex/latex/refcount/refcount.sty
Package: refcount 2019/12/15 v3.6 Data extraction from label references (HO)
)
(/usr/share/texlive/texmf-dist/tex/generic/gettitlestring/gettitlestring.sty
Package: gettitlestring 2019/12/15 v1.6 Cleanup title references (HO)
)
\c@section@level=\count308
)
LaTeX Info: Redefining \ref on input line 109.
LaTeX Info: Redefining \pageref on input line 109.
LaTeX Info: Redefining \nameref on input line 109.

*geometry* driver: auto-detecting
*geometry* detected driver: pdftex
*geometry* verbose mode - [ preamble ] result:
* driver: pdftex
* paper: <default>
* layout: <same size as paper>
* layoutoffset:(h,v)=(0.0pt,0.0pt)
* modes: 
* h-part:(L,W,R)=(72.26999pt, 469.75502pt, 72.26999pt)
* v-part:(T,H,B)=(72.26999pt, 650.43001pt, 72.26999pt)
* \paperwidth=614.295pt
* \paperheight=794.96999pt
* \textwidth=469.75502pt
* \textheight=650.43001pt
* \oddsidemargin=0.0pt
* \evensidemargin=0.0pt
* \topmargin=-37.0pt
* \headheight=12.0pt
* \headsep=25.0pt
* \topskip=10.0pt
* \footskip=30.0pt
* \marginparwidth=65.0pt
* \marginparsep=11.0pt
* \columnsep=10.0pt
* \skip\footins=9.0pt plus 4.0pt minus 2.0pt
* \hoffset=0.0pt
* \voffset=0.0pt
* \mag=1000
* \@twocolumnfalse
* \@twosidefalse
* \@mparswitchfalse
* \@reversemarginfalse
* (1in=72.27pt=25.4mm, 1cm=28.453pt)

LaTeX Font Info:    Trying to load font information for OT1+ztmcm on input line
 117.
(/usr/share/texlive/texmf-dist/tex/latex/psnfss/ot1ztmcm.fd
File: ot1ztmcm.fd 2000/01/03 Fontinst v1.801 font definitions for OT1/ztmcm.
)
LaTeX Font Info:    Trying to load font information for OML+ztmcm on input line
 117.

(/usr/share/texlive/texmf-dist/tex/latex/psnfss/omlztmcm.fd
File: omlztmcm.fd 2000/01/03 Fontinst v1.801 font definitions for OML/ztmcm.
)
LaTeX Font Info:    Trying to load font information for OMS+ztmcm on input line
 117.

(/usr/share/texlive/texmf-dist/tex/latex/psnfss/omsztmcm.fd
File: omsztmcm.fd 2000/01/03 Fontinst v1.801 font definitions for OMS/ztmcm.
)
LaTeX Font Info:    Trying to load font information for OMX+ztmcm on input line
 117.

(/usr/share/texlive/texmf-dist/tex/latex/psnfss/omxztmcm.fd
File: omxztmcm.fd 2000/01/03 Fontinst v1.801 font definitions for OMX/ztmcm.
)
(/usr/share/texlive/texmf-dist/tex/latex/microtype/mt-msa.cfg
File: mt-msa.cfg 2006/02/04 v1.1 microtype config. file: AMS symbols (a) (RS)
)
(/usr/share/texlive/texmf-dist/tex/latex/microtype/mt-msb.cfg
File: mt-msb.cfg 2005/06/01 v1.0 microtype config. file: AMS symbols (b) (RS)
)
LaTeX Font Info:    Trying to load font information for OT1+ptm on input line 1
17.

(/usr/share/texlive/texmf-dist/tex/latex/psnfss/ot1ptm.fd
File: ot1ptm.fd 2001/06/04 font definitions for OT1/ptm.
)
LaTeX Font Info:    Font shape `OT1/ptm/bx/n' in size <12> not available
(Font)              Font shape `OT1/ptm/b/n' tried instead on input line 117.
LaTeX Font Info:    Font shape `OT1/ptm/bx/n' in size <9> not available
(Font)              Font shape `OT1/ptm/b/n' tried instead on input line 117.
LaTeX Font Info:    Font shape `OT1/ptm/bx/n' in size <7> not available
(Font)              Font shape `OT1/ptm/b/n' tried instead on input line 117.
 (./manual.toc
LaTeX Font Info:    Font shape `OT1/ptm/bx/n' in size <10> not available
(Font)              Font shape `OT1/ptm/b/n' tried instead on input line 5.
LaTeX Font Info:    Font shape `OT1/ptm/bx/n' in size <7.4> not available
(Font)              Font shape `OT1/ptm/b/n' tried instead on input line 5.
LaTeX Font Info:    Font shape `OT1/ptm/bx/n' in size <6> not available
(Font)              Font shape `OT1/ptm/b/n' tried instead on input line 5.
LaTeX Font Info:    Trying to load font information for T1+lmtt on input line 1
1.

(/usr/share/texmf/tex/latex/lm/t1lmtt.fd
File: t1lmtt.fd 2009/10/30 v1.6 Font defs for Latin Modern
) [1

{/var/lib/texmf/fonts/map/pdftex/updmap/pdftex.map}])
\tf@toc=\write4
\openout4 = `manual.toc'.

LaTeX Font Info:    Trying to load font information for TS1+ptm on input line 1
44.
 (/usr/share/texlive/texmf-dist/tex/latex/psnfss/ts1ptm.fd
File: ts1ptm.fd 2001/06/04 font definitions for TS1/ptm.
)
[2]
Underfull \hbox (badness 1990) in paragraph at lines 209--218
[]\T1/ptm/m/n/10 (+20) The di-rec-to-ries \T1/lmtt/m/n/10 js_includes\T1/ptm/m/
n/10 (+20) , \T1/lmtt/m/n/10 data_includes \T1/ptm/m/n/10 (+20) and \T1/lmtt/m/
n/10 css_includes \T1/ptm/m/n/10 (+20) con-tain JavaScript and CSS files re-
 []

[3] [4]
Overfull \hbox (65.04422pt too wide) in paragraph at lines 403--406
[]|[]| 
 []


Overfull \hbox (65.04422pt too wide) in paragraph at lines 410--413
[]|[]| 
 []


Overfull \hbox (65.04422pt too wide) in paragraph at lines 415--420
[]|[]| 
 []


Overfull \hbox (65.04422pt too wide) in paragraph at lines 422--425
[]|[]| 
 []


Overfull \hbox (65.04422pt too wide) in paragraph at lines 427--430
[]|[]| 
 []


Overfull \hbox (65.04422pt too wide) in paragraph at lines 432--435
[]|[]| 
 []


Overfull \hbox (65.04422pt too wide) in paragraph at lines 437--440
[]|[]| 
 []


Overfull \hbox (65.04422pt too wide) in paragraph at lines 442--445
[]|[]| 
 []

LaTeX Font Info:    Font shape `T1/lmtt/bx/n' in size <10> not available
(Font)              Font shape `T1/lmtt/b/n' tried instead on input line 494.
LaTeX Font Info:    Trying to load font information for TS1+lmtt on input line 
496.
(/usr/share/texmf/tex/latex/lm/ts1lmtt.fd
File: ts1lmtt.fd 2009/10/30 v1.6 Font defs for Latin Modern
) [5] [6]
LaTeX Font Info:    Font shape `T1/lmtt/bx/n' in size <12> not available
(Font)              Font shape `T1/lmtt/b/n' tried instead on input line 618.

Overfull \hbox (3.9771pt too wide) in paragraph at lines 668--670
[]|[]| 
 []


Overfull \hbox (3.97379pt too wide) in paragraph at lines 670--673
[]|[]| 
 []


Overfull \hbox (3.9771pt too wide) in paragraph at lines 675--677
[]|[]| 
 []


Overfull \hbox (3.97379pt too wide) in paragraph at lines 677--680
[]|[]| 
 []


Overfull \hbox (3.9771pt too wide) in paragraph at lines 680--682
[]|[]| 
 []


Overfull \hbox (3.97379pt too wide) in paragraph at lines 682--685
[]|[]| 
 []


Overfull \hbox (3.9771pt too wide) in paragraph at lines 685--687
[]|[]| 
 []


Overfull \hbox (3.97379pt too wide) in paragraph at lines 687--690
[]|[]| 
 []


Overfull \hbox (3.9771pt too wide) in paragraph at lines 690--692
[]|[]| 
 []


Overfull \hbox (3.97379pt too wide) in paragraph at lines 692--695
[]|[]| 
 []


Overfull \hbox (3.9771pt too wide) in paragraph at lines 695--697
[]|[]| 
 []


Overfull \hbox (3.97379pt too wide) in paragraph at lines 697--700
[]|[]| 
 []


Overfull \hbox (3.9771pt too wide) in paragraph at lines 700--702
[]|[]| 
 []


Overfull \hbox (3.97379pt too wide) in paragraph at lines 702--705
[]|[]| 
 []


Overfull \hbox (3.9771pt too wide) in paragraph at lines 705--707
[]|[]| 
 []


Overfull \hbox (3.97379pt too wide) in paragraph at lines 707--710
[]|[]| 
 []


Overfull \hbox (3.9771pt too wide) in paragraph at lines 710--712
[]|[]| 
 []


Overfull \hbox (3.97379pt too wide) in paragraph at lines 712--716
[]|[]| 
 []

[7] [8] [9] [10] [11]
Overfull \hbox (32.16124pt too wide) in paragraph at lines 1103--1105
[]|[]| 
 []


Overfull \hbox (59.26083pt too wide) in paragraph at lines 1105--1107
[]|[]| 
 []


Overfull \hbox (32.16124pt too wide) in paragraph at lines 1112--1114
[]|[]| 
 []


Overfull \hbox (59.26083pt too wide) in paragraph at lines 1114--1116
[]|[]| 
 []


Overfull \hbox (32.16124pt too wide) in paragraph at lines 1121--1123
[]|[]| 
 []


Overfull \hbox (59.26083pt too wide) in paragraph at lines 1123--1125
[]|[]| 
 []


Overfull \hbox (32.16124pt too wide) in paragraph at lines 1128--1130
[]|[]| 
 []


Overfull \hbox (59.26083pt too wide) in paragraph at lines 1130--1132
[]|[]| 
 []


Overfull \hbox (32.16124pt too wide) in paragraph at lines 1136--1138
[]|[]| 
 []


Overfull \hbox (59.26083pt too wide) in paragraph at lines 1138--1140
[]|[]| 
 []


Overfull \hbox (49.50368pt too wide) in paragraph at lines 1161--1164
[]|[]| 
 []


Overfull \hbox (49.50368pt too wide) in paragraph at lines 1170--1174
[]|[]| 
 []


Overfull \hbox (49.50368pt too wide) in paragraph at lines 1178--1189
[]|[]| 
 []


Overfull \hbox (49.50368pt too wide) in paragraph at lines 1193--1201
[]|[]| 
 []


Overfull \hbox (49.50368pt too wide) in paragraph at lines 1205--1210
[]|[]| 
 []


Overfull \hbox (49.50368pt too wide) in paragraph at lines 1214--1218
[]|[]| 
 []


Overfull \hbox (49.50368pt too wide) in paragraph at lines 1222--1227
[]|[]| 
 []

[12]
Overfull \hbox (31.07668pt too wide) in paragraph at lines 1243--1245
[]|[]| 
 []


Overfull \hbox (26.0145pt too wide) in paragraph at lines 1245--1248
[]|[]| 
 []


Overfull \hbox (31.07668pt too wide) in paragraph at lines 1252--1254
[]|[]| 
 []


Overfull \hbox (26.0145pt too wide) in paragraph at lines 1254--1264
[]|[]| 
 []


Overfull \hbox (31.07668pt too wide) in paragraph at lines 1266--1268
[]|[]| 
 []


Overfull \hbox (26.0145pt too wide) in paragraph at lines 1268--1272
[]|[]| 
 []


Overfull \hbox (31.07668pt too wide) in paragraph at lines 1274--1276
[]|[]| 
 []


Overfull \hbox (26.0145pt too wide) in paragraph at lines 1276--1286
[]|[]| 
 []


Overfull \hbox (31.07668pt too wide) in paragraph at lines 1288--1290
[]|[]| 
 []


Overfull \hbox (26.0145pt too wide) in paragraph at lines 1290--1295
[]|[]| 
 []


Overfull \hbox (31.07668pt too wide) in paragraph at lines 1297--1299
[]|[]| 
 []


Overfull \hbox (26.0145pt too wide) in paragraph at lines 1299--1304
[]|[]| 
 []


Overfull \hbox (31.07668pt too wide) in paragraph at lines 1306--1308
[]|[]| 
 []


Overfull \hbox (26.0145pt too wide) in paragraph at lines 1308--1313
[]|[]| 
 []


Overfull \hbox (31.07668pt too wide) in paragraph at lines 1315--1317
[]|[]| 
 []


Overfull \hbox (26.0145pt too wide) in paragraph at lines 1317--1323
[]|[]| 
 []


Overfull \hbox (31.07668pt too wide) in paragraph at lines 1325--1327
[]|[]| 
 []


Overfull \hbox (26.0145pt too wide) in paragraph at lines 1327--1331
[]|[]| 
 []


Overfull \hbox (31.07668pt too wide) in paragraph at lines 1333--1335
[]|[]| 
 []


Overfull \hbox (26.0145pt too wide) in paragraph at lines 1335--1339
[]|[]| 
 []


Overfull \hbox (31.07668pt too wide) in paragraph at lines 1341--1343
[]|[]| 
 []


Overfull \hbox (26.0145pt too wide) in paragraph at lines 1343--1349
[]|[]| 
 []

[13]
Overfull \hbox (60.3454pt too wide) in paragraph at lines 1382--1384
[]|[]| 
 []


Overfull \hbox (60.3454pt too wide) in paragraph at lines 1389--1391
[]|[]| 
 []


Overfull \hbox (60.3454pt too wide) in paragraph at lines 1395--1397
[]|[]| 
 []


Overfull \hbox (60.3454pt too wide) in paragraph at lines 1400--1402
[]|[]| 
 []


Overfull \hbox (60.3454pt too wide) in paragraph at lines 1405--1407
[]|[]| 
 []


Overfull \hbox (60.3454pt too wide) in paragraph at lines 1411--1413
[]|[]| 
 []


Overfull \hbox (40.47379pt too wide) in paragraph at lines 1428--1430
[]|[]| 
 []


Overfull \hbox (2.53247pt too wide) in paragraph at lines 1430--1433
[]|[]| 
 []


Overfull \hbox (40.47379pt too wide) in paragraph at lines 1437--1439
[]|[]| 
 []


Overfull \hbox (2.53247pt too wide) in paragraph at lines 1439--1442
[]|[]| 
 []


Overfull \hbox (40.47379pt too wide) in paragraph at lines 1444--1446
[]|[]| 
 []


Overfull \hbox (2.53247pt too wide) in paragraph at lines 1446--1451
[]|[]| 
 []


Overfull \hbox (40.47379pt too wide) in paragraph at lines 1453--1455
[]|[]| 
 []


Overfull \hbox (2.53247pt too wide) in paragraph at lines 1455--1458
[]|[]| 
 []


Overfull \hbox (60.3454pt too wide) in paragraph at lines 1465--1467
[]|[]| 
 []


Overfull \hbox (60.3454pt too wide) in paragraph at lines 1472--1474
[]|[]| 
 []


Overfull \hbox (58.90079pt too wide) in paragraph at lines 1492--1495
[]|[]| 
 []


Overfull \hbox (58.90079pt too wide) in paragraph at lines 1501--1504
[]|[]| 
 []


Overfull \hbox (58.90079pt too wide) in paragraph at lines 1508--1517
[]|[]| 
 []


Overfull \hbox (58.90079pt too wide) in paragraph at lines 1521--1525
[]|[]| 
 []


Overfull \hbox (58.90079pt too wide) in paragraph at lines 1529--1536
[]|[]| 
 []


Overfull \hbox (58.90079pt too wide) in paragraph at lines 1540--1545
[]|[]| 
 []


Overfull \hbox (58.90079pt too wide) in paragraph at lines 1549--1553
[]|[]| 
 []


Overfull \hbox (58.90079pt too wide) in paragraph at lines 1558--1567
[]|[]| 
 []


Overfull \hbox (58.90079pt too wide) in paragraph at lines 1571--1576
[]|[]| 
 []


Overfull \hbox (58.90079pt too wide) in paragraph at lines 1580--1591
[]|[]| 
 []


Overfull \hbox (58.90079pt too wide) in paragraph at lines 1595--1600
[]|[]| 
 []


Overfull \hbox (58.90079pt too wide) in paragraph at lines 1604--1607
[]|[]| 
 []


Overfull \hbox (58.90079pt too wide) in paragraph at lines 1611--1615
[]|[]| 
 []

[14]
Overfull \hbox (60.3454pt too wide) in paragraph at lines 1622--1624
[]|[]| 
 []


Overfull \hbox (60.3454pt too wide) in paragraph at lines 1629--1631
[]|[]| 
 []


Overfull \hbox (60.3454pt too wide) in paragraph at lines 1634--1636
[]|[]| 
 []


Overfull \hbox (60.3454pt too wide) in paragraph at lines 1639--1641
[]|[]| 
 []


Overfull \hbox (60.3454pt too wide) in paragraph at lines 1645--1647
[]|[]| 
 []

[15]
Overfull \hbox (45.16876pt too wide) in paragraph at lines 1702--1704
[]|[]| 
 []


Overfull \hbox (2.53247pt too wide) in paragraph at lines 1704--1707
[]|[]| 
 []


Overfull \hbox (45.16876pt too wide) in paragraph at lines 1711--1713
[]|[]| 
 []


Overfull \hbox (2.53247pt too wide) in paragraph at lines 1713--1716
[]|[]| 
 []


Overfull \hbox (45.16876pt too wide) in paragraph at lines 1718--1720
[]|[]| 
 []


Overfull \hbox (2.53247pt too wide) in paragraph at lines 1720--1723
[]|[]| 
 []


Overfull \hbox (45.16876pt too wide) in paragraph at lines 1725--1727
[]|[]| 
 []


Overfull \hbox (2.53247pt too wide) in paragraph at lines 1727--1730
[]|[]| 
 []


Overfull \hbox (45.16876pt too wide) in paragraph at lines 1732--1734
[]|[]| 
 []


Overfull \hbox (2.53247pt too wide) in paragraph at lines 1734--1737
[]|[]| 
 []


Overfull \hbox (45.16876pt too wide) in paragraph at lines 1739--1741
[]|[]| 
 []


Overfull \hbox (2.53247pt too wide) in paragraph at lines 1741--1744
[]|[]| 
 []


Overfull \hbox (45.16876pt too wide) in paragraph at lines 1746--1748
[]|[]| 
 []


Overfull \hbox (2.53247pt too wide) in paragraph at lines 1748--1751
[]|[]| 
 []


Overfull \hbox (45.16876pt too wide) in paragraph at lines 1753--1755
[]|[]| 
 []


Overfull \hbox (2.53247pt too wide) in paragraph at lines 1755--1758
[]|[]| 
 []


Overfull \hbox (45.16876pt too wide) in paragraph at lines 1760--1762
[]|[]| 
 []


Overfull \hbox (2.53247pt too wide) in paragraph at lines 1762--1765
[]|[]| 
 []


Overfull \hbox (45.16876pt too wide) in paragraph at lines 1767--1769
[]|[]| 
 []


Overfull \hbox (2.53247pt too wide) in paragraph at lines 1769--1772
[]|[]| 
 []


Overfull \hbox (45.16876pt too wide) in paragraph at lines 1774--1776
[]|[]| 
 []


Overfull \hbox (2.53247pt too wide) in paragraph at lines 1776--1779
[]|[]| 
 []


Overfull \hbox (45.16876pt too wide) in paragraph at lines 1781--1783
[]|[]| 
 []


Overfull \hbox (2.53247pt too wide) in paragraph at lines 1783--1786
[]|[]| 
 []


Overfull \hbox (45.16876pt too wide) in paragraph at lines 1788--1790
[]|[]| 
 []


Overfull \hbox (2.53247pt too wide) in paragraph at lines 1790--1793
[]|[]| 
 []


Overfull \hbox (45.16876pt too wide) in paragraph at lines 1795--1797
[]|[]| 
 []


Overfull \hbox (2.53247pt too wide) in paragraph at lines 1797--1800
[]|[]| 
 []


Overfull \hbox (45.16876pt too wide) in paragraph at lines 1802--1804
[]|[]| 
 []


Overfull \hbox (2.53247pt too wide) in paragraph at lines 1804--1807
[]|[]| 
 []


Overfull \hbox (45.16876pt too wide) in paragraph at lines 1809--1811
[]|[]| 
 []


Overfull \hbox (2.53247pt too wide) in paragraph at lines 1811--1814
[]|[]| 
 []


Overfull \hbox (45.16876pt too wide) in paragraph at lines 1816--1818
[]|[]| 
 []


Overfull \hbox (2.53247pt too wide) in paragraph at lines 1818--1821
[]|[]| 
 []


Overfull \hbox (45.16876pt too wide) in paragraph at lines 1823--1825
[]|[]| 
 []


Overfull \hbox (2.53247pt too wide) in paragraph at lines 1825--1828
[]|[]| 
 []


Overfull \hbox (45.16876pt too wide) in paragraph at lines 1830--1832
[]|[]| 
 []


Overfull \hbox (2.53247pt too wide) in paragraph at lines 1832--1835
[]|[]| 
 []


Overfull \hbox (45.16876pt too wide) in paragraph at lines 1837--1839
[]|[]| 
 []


Overfull \hbox (2.53247pt too wide) in paragraph at lines 1839--1842
[]|[]| 
 []


Overfull \hbox (45.16876pt too wide) in paragraph at lines 1844--1846
[]|[]| 
 []


Overfull \hbox (2.53247pt too wide) in paragraph at lines 1846--1849
[]|[]| 
 []

[16]
Overfull \hbox (78.05505pt too wide) in paragraph at lines 1907--1909
[]|[]| 
 []


Overfull \hbox (78.05505pt too wide) in paragraph at lines 1916--1918
[]|[]| 
 []


Overfull \hbox (78.05505pt too wide) in paragraph at lines 1924--1926
[]|[]| 
 []


Overfull \hbox (78.05505pt too wide) in paragraph at lines 1934--1936
[]|[]| 
 []


Overfull \hbox (78.05505pt too wide) in paragraph at lines 1942--1944
[]|[]| 
 []

[17]
Overfull \hbox (59.26083pt too wide) in paragraph at lines 2002--2004
[]|[]| 
 []


Overfull \hbox (59.26083pt too wide) in paragraph at lines 2011--2013
[]|[]| 
 []


Overfull \hbox (59.26083pt too wide) in paragraph at lines 2018--2020
[]|[]| 
 []


Overfull \hbox (59.26083pt too wide) in paragraph at lines 2026--2028
[]|[]| 
 []


Overfull \hbox (59.26083pt too wide) in paragraph at lines 2033--2035
[]|[]| 
 []


Overfull \hbox (59.26083pt too wide) in paragraph at lines 2040--2042
[]|[]| 
 []


Overfull \hbox (59.26083pt too wide) in paragraph at lines 2047--2049
[]|[]| 
 []


Overfull \hbox (59.26083pt too wide) in paragraph at lines 2056--2058
[]|[]| 
 []


Overfull \hbox (59.26083pt too wide) in paragraph at lines 2066--2068
[]|[]| 
 []


Overfull \hbox (59.26083pt too wide) in paragraph at lines 2075--2077
[]|[]| 
 []


Overfull \hbox (3.71701pt too wide) in paragraph at lines 2082--2083
[]\T1/ptm/m/n/9 (-20) obligatoryCheckboxErrorGenerator|  
 []


Overfull \hbox (59.26083pt too wide) in paragraph at lines 2083--2085
[]|[]| 
 []


Overfull \hbox (59.26083pt too wide) in paragraph at lines 2091--2093
[]|[]| 
 []


Overfull \hbox (60.3454pt too wide) in paragraph at lines 2107--2109
[]|[]| 
 []


Overfull \hbox (60.3454pt too wide) in paragraph at lines 2114--2116
[]|[]| 
 []


Overfull \hbox (60.3454pt too wide) in paragraph at lines 2121--2123
[]|[]| 
 []

[18]
Overfull \hbox (59.26083pt too wide) in paragraph at lines 2142--2144
[]|[]| 
 []


Overfull \hbox (59.26083pt too wide) in paragraph at lines 2151--2153
[]|[]| 
 []


Overfull \hbox (59.26083pt too wide) in paragraph at lines 2158--2160
[]|[]| 
 []


Overfull \hbox (59.26083pt too wide) in paragraph at lines 2165--2167
[]|[]| 
 []


Overfull \hbox (59.26083pt too wide) in paragraph at lines 2172--2174
[]|[]| 
 []


Overfull \hbox (59.26083pt too wide) in paragraph at lines 2180--2182
[]|[]| 
 []


Overfull \hbox (59.26083pt too wide) in paragraph at lines 2188--2190
[]|[]| 
 []


Overfull \hbox (59.26083pt too wide) in paragraph at lines 2195--2197
[]|[]| 
 []


Overfull \hbox (59.26083pt too wide) in paragraph at lines 2203--2205
[]|[]| 
 []


Overfull \hbox (59.26083pt too wide) in paragraph at lines 2211--2213
[]|[]| 
 []


Overfull \hbox (59.26083pt too wide) in paragraph at lines 2219--2221
[]|[]| 
 []


Overfull \hbox (59.26083pt too wide) in paragraph at lines 2226--2228
[]|[]| 
 []


Overfull \hbox (59.26083pt too wide) in paragraph at lines 2233--2235
[]|[]| 
 []


Overfull \hbox (59.26083pt too wide) in paragraph at lines 2240--2242
[]|[]| 
 []


Overfull \hbox (59.26083pt too wide) in paragraph at lines 2248--2250
[]|[]| 
 []

[19] [20] [21] [22] [23] [24] [25] [26] (./manual.aux)

LaTeX Warning: Label(s) may have changed. Rerun to get cross-references right.

 ) 
Here is how much of TeX's memory you used:
 14719 strings out of 480247
 231214 string characters out of 5896151
 570655 words of memory out of 5000000
 32004 multiletter control sequences out of 15000+600000
 534765 words of font info for 276 fonts, out of 8000000 for 9000
 14 hyphenation exceptions out of 8191
 74i,7n,77p,1003b,514s stack positions out of 5000i,500n,10000p,200000b,80000s
{/usr/share/texmf/fonts/enc/dvips/lm/lm-ts1.enc}{/usr/share/texmf/fonts/enc/d
vips/lm/lm-ec.enc}{/usr/share/texlive/texmf-dist/fonts/enc/dvips/base/8r.enc}</
usr/share/texmf/fonts/type1/public/lm/lmtk10.pfb></usr/share/texmf/fonts/type1/
public/lm/lmtt10.pfb></usr/share/texmf/fonts/type1/public/lm/lmtt9.pfb></usr/sh
are/texmf/fonts/type1/public/lm/lmtti10.pfb></usr/share/texlive/texmf-dist/font
s/type1/urw/times/utmb8a.pfb></usr/share/texlive/texmf-dist/fonts/type1/urw/tim
es/utmr8a.pfb></usr/share/texlive/texmf-dist/fonts/type1/urw/times/utmri8a.pfb>

Output written on manual.pdf (26 pages, 240794 bytes).
PDF statistics:
 472 PDF objects out of 1000 (max. 8388607)
 423 compressed objects within 5 object streams
 134 named destinations out of 1000 (max. 500000)
 69961 words of extra memory for PDF output out of 74296 (max. 10000000)

